<?xml version="1.0" ?>
<!DOCTYPE coverage SYSTEM "http://cobertura.sourceforge.net/xml/coverage-04.dtd">
<coverage lines-valid="35" lines-covered="29" line-rate="0.8286" branches-valid="6" branches-covered="6" branch-rate="1" timestamp="1620981865981" complexity="0" version="0.1">
  <sources>
    <source>C:\git\jest-master\examples\typescript</source>
  </sources>
  <packages>
    <class name="calc.ts" filename="src\calc.ts" line-rate="1" branch-rate="1">
      <methods>
        <method name="(anonymous_0)" hits="7" signature="()V">
          <lines>
            <line number="7" hits="7"/>
          </lines>
        </method>
        <method name="(anonymous_1)" hits="13" signature="()V">
          <lines>
            <line number="10" hits="13"/>
          </lines>
        </method>
      </methods>
      <lines>
        <line number="1" hits="1" branch="false"/>
        <line number="2" hits="1" branch="false"/>
        <line number="7" hits="1" branch="false"/>
        <line number="8" hits="7" branch="false"/>
        <line number="10" hits="7" branch="false"/>
        <line number="11" hits="13" branch="false"/>
        <line number="13" hits="3" branch="false"/>
        <line number="16" hits="1" branch="false"/>
        <line number="17" hits="1" branch="false"/>
        <line number="20" hits="1" branch="false"/>
        <line number="23" hits="2" branch="false"/>
        <line number="24" hits="1" branch="false"/>
        <line number="25" hits="1" branch="false"/>
        <line number="26" hits="1" branch="false"/>
        <line number="29" hits="12" branch="false"/>
        <line number="30" hits="6" branch="false"/>
        <line number="31" hits="6" branch="false"/>
        <line number="32" hits="6" branch="false"/>
        <line number="35" hits="1" branch="false"/>
      </lines>
    </class>
    <class name="memory.ts" filename="src\memory.ts" line-rate="0.4545" branch-rate="1">
      <methods>
        <method name="(anonymous_0)" hits="1" signature="()V">
          <lines>
            <line number="1" hits="1"/>
          </lines>
        </method>
        <method name="Memory" hits="0" signature="()V">
          <lines>
            <line number="4" hits="0"/>
          </lines>
        </method>
        <method name="(anonymous_2)" hits="0" signature="()V">
          <lines>
            <line number="8" hits="0"/>
          </lines>
        </method>
        <method name="(anonymous_3)" hits="0" signature="()V">
          <lines>
            <line number="14" hits="0"/>
          </lines>
        </method>
        <method name="(anonymous_4)" hits="0" signature="()V">
          <lines>
            <line number="20" hits="0"/>
          </lines>
        </method>
      </methods>
      <lines>
        <line number="1" hits="1" branch="false"/>
        <line number="5" hits="0" branch="false"/>
        <line number="8" hits="1" branch="false"/>
        <line number="9" hits="0" branch="false"/>
        <line number="11" hits="0" branch="false"/>
        <line number="14" hits="1" branch="false"/>
        <line number="15" hits="0" branch="false"/>
        <line number="17" hits="0" branch="false"/>
        <line number="20" hits="1" branch="false"/>
        <line number="21" hits="0" branch="false"/>
        <line number="23" hits="1" branch="false"/>
      </lines>
    </class>
    <class name="sub.ts" filename="src\sub.ts" line-rate="1" branch-rate="1">
      <methods>
        <method name="(anonymous_0)" hits="1" signature="()V">
          <lines>
            <line number="5" hits="1"/>
          </lines>
        </method>
      </methods>
      <lines>
        <line number="3" hits="2" branch="false"/>
        <line number="5" hits="2" branch="false"/>
        <line number="7" hits="2" branch="false"/>
      </lines>
    </class>
    <class name="sum.ts" filename="src\sum.ts" line-rate="1" branch-rate="1">
      <methods>
        <method name="(anonymous_0)" hits="2" signature="()V">
          <lines>
            <line number="3" hits="2"/>
          </lines>
        </method>
      </methods>
      <lines>
        <line number="3" hits="3" branch="false"/>
        <line number="5" hits="3" branch="false"/>
      </lines>
    </class>
  </packages>
</coverage>
